<?xml version="1.0" encoding="UTF-8"?>
<!-- Generated by org.testng.reporters.JUnitXMLReporter -->
<testsuite hostname="Parixat" ignored="0" name="Opencart Tests(failed)" tests="1" failures="1" timestamp="2021-08-14T16:17:49 CDT" time="16.663" errors="0">
  <testcase name="test_loginDDT" time="2.857" classname="testCase.TC_003_LoginDDT">
    <failure type="java.lang.AssertionError">
      <![CDATA[java.lang.AssertionError
at org.junit.Assert.fail(Assert.java:86)
at org.junit.Assert.fail(Assert.java:95)
at testCase.TC_003_LoginDDT.test_loginDDT(TC_003_LoginDDT.java:83)
at java.util.ArrayList.forEach(ArrayList.java:1257)
... Removed 27 stack frames]]>
    </failure>
  </testcase> <!-- test_loginDDT -->
</testsuite> <!-- Opencart Tests(failed) -->
